<?xml version="1.0" encoding="UTF-8"?>
<testng-results ignored="0" total="1" passed="1" failed="0" skipped="0">
  <reporter-output>
  </reporter-output>
  <suite started-at="2018-08-25T15:56:46Z" name="Default suite" finished-at="2018-08-25T15:56:58Z" duration-ms="12023">
    <groups>
    </groups>
    <test started-at="2018-08-25T15:56:46Z" name="Default test" finished-at="2018-08-25T15:56:58Z" duration-ms="12023">
      <class name="com.org.LearnMaven.FirstFunctions">
        <test-method signature="Test1()[pri:0, instance:com.org.LearnMaven.FirstFunctions@22ef9844]" started-at="2018-08-25T15:56:46Z" name="Test1" finished-at="2018-08-25T15:56:58Z" duration-ms="12006" status="PASS">
          <reporter-output>
          </reporter-output>
        </test-method> <!-- Test1 -->
      </class> <!-- com.org.LearnMaven.FirstFunctions -->
    </test> <!-- Default test -->
  </suite> <!-- Default suite -->
</testng-results>
